<?xml version="1.0" encoding="UTF-8"?>
<testsuite name="com.kodilla.testing.library.BookDirectoryTestSuite" tests="6" skipped="0" failures="0" errors="0" timestamp="2022-03-09T14:28:54" hostname="LAPTOP-VEEB3L74" time="0.381">
  <properties/>
  <testcase name="testListBooksWithConditionFragmentShorterThan3()" classname="com.kodilla.testing.library.BookDirectoryTestSuite" time="0.36"/>
  <testcase name="testlistBooksInHandsOfFiveBorrowedBooks()" classname="com.kodilla.testing.library.BookDirectoryTestSuite" time="0.012"/>
  <testcase name="testListBooksWithConditionMoreThan20()" classname="com.kodilla.testing.library.BookDirectoryTestSuite" time="0.001"/>
  <testcase name="testListBooksWithConditionsReturnList()" classname="com.kodilla.testing.library.BookDirectoryTestSuite" time="0.002"/>
  <testcase name="testlListBooksInHandsOfNoBorrowedBooks()" classname="com.kodilla.testing.library.BookDirectoryTestSuite" time="0.002"/>
  <testcase name="testlistBooksInHandsOfOneBorrowedBooks()" classname="com.kodilla.testing.library.BookDirectoryTestSuite" time="0.001"/>
  <system-out><![CDATA[]]></system-out>
  <system-err><![CDATA[]]></system-err>
</testsuite>
